<?xml version="1.0" encoding="UTF-8"?>
<!-- Generated by org.testng.reporters.JUnitXMLReporter -->
<testsuite hostname="Sachin" ignored="0" name="Testing Parameterization" tests="4" failures="0" timestamp="2022-09-28T19:04:21 IST" time="9.616" errors="0">
  <testcase name="loginVtigerApp" time="9.529" classname="testNGadvance.Parameterization"/>
  <testcase name="testCaseOne" time="0.006" classname="testNGadvance.Parameterization"/>
  <testcase name="testCaseThree" time="0.003" classname="testNGadvance.Parameterization"/>
  <testcase name="testCaseTwo" time="0.003" classname="testNGadvance.Parameterization"/>
</testsuite> <!-- Testing Parameterization -->
