<?xml version="1.0" encoding="UTF-8"?>
<!-- Generated by org.testng.reporters.JUnitXMLReporter -->
<testsuite hostname="Sachin" ignored="1" name="testing" tests="4" failures="0" timestamp="2022-09-26T17:59:52 IST" time="0.104" errors="0">
  <testcase name="testcase1" time="0.013" classname="testNGadvance.GroupExamples"/>
  <testcase name="testcase2" time="0.003" classname="testNGadvance.GroupExamples"/>
  <testcase name="testcase4" time="0.005" classname="testNGadvance.GroupExamples"/>
  <testcase name="testcase5" time="0.004" classname="testNGadvance.GroupExamples"/>
  <testcase name="testcase3" time="0.0" classname="testNGadvance.GroupExamples">
    <ignored/>
  </testcase> <!-- testcase3 -->
</testsuite> <!-- testing -->
