<?xml version="1.0" encoding="UTF-8"?>
<!-- Generated by org.testng.reporters.JUnitXMLReporter -->
<testsuite hostname="Sachin" ignored="1" name="Method Test Cases" tests="2" failures="0" timestamp="2022-09-28T19:09:42 IST" time="0.056" errors="0">
  <testcase name="testcaseone" time="0.01" classname="testNGadvance.IncludeAndExclude"/>
  <testcase name="testcasethree" time="0.003" classname="testNGadvance.IncludeAndExclude"/>
  <testcase name="testcasetwo" time="0.0" classname="testNGadvance.IncludeAndExclude">
    <ignored/>
  </testcase> <!-- testcasetwo -->
</testsuite> <!-- Method Test Cases -->
