<?xml version="1.0" encoding="UTF-8"?>
<!-- Generated by org.testng.reporters.JUnitXMLReporter -->
<testsuite hostname="Sachin" ignored="3" name="testing" tests="2" failures="0" timestamp="2022-09-27T15:56:43 IST" time="0.107" errors="0">
  <testcase name="testcase1" time="0.015" classname="testNGadvance.GroupExamples"/>
  <testcase name="testcase3" time="0.002" classname="testNGadvance.GroupExamples"/>
  <testcase name="testcase4" time="0.0" classname="testNGadvance.GroupExamples">
    <ignored/>
  </testcase> <!-- testcase4 -->
  <testcase name="testcase2" time="0.0" classname="testNGadvance.GroupExamples">
    <ignored/>
  </testcase> <!-- testcase2 -->
  <testcase name="testcase5" time="0.0" classname="testNGadvance.GroupExamples">
    <ignored/>
  </testcase> <!-- testcase5 -->
</testsuite> <!-- testing -->
