<?xml version="1.0" encoding="UTF-8"?>
<testng-results skipped="0" failed="0" ignored="0" total="1" passed="1">
  <reporter-output>
  </reporter-output>
  <suite name="Default suite" duration-ms="67834" started-at="2022-10-05T21:14:47 IST" finished-at="2022-10-05T21:15:55 IST">
    <groups>
    </groups>
    <test name="Default test" duration-ms="67834" started-at="2022-10-05T21:14:47 IST" finished-at="2022-10-05T21:15:55 IST">
      <class name="javascriptexecutor.Flipkart">
        <test-method status="PASS" signature="loginFlipkart()[pri:0, instance:javascriptexecutor.Flipkart@bd8db5a]" name="loginFlipkart" duration-ms="67734" started-at="2022-10-05T21:14:47 IST" finished-at="2022-10-05T21:15:55 IST">
          <reporter-output>
          </reporter-output>
        </test-method> <!-- loginFlipkart -->
      </class> <!-- javascriptexecutor.Flipkart -->
    </test> <!-- Default test -->
  </suite> <!-- Default suite -->
</testng-results>
